<?xml version="1.0" encoding="UTF-8"?>
<!-- Generated by org.testng.reporters.JUnitReportReporter -->
<testsuite skipped="0" hostname="DESKTOP-79SRAMQ" name="loginTests.Comparison" tests="1" failures="0" timestamp="27 Sep 2021 05:46:11 GMT" time="0.008" errors="0">
  <testcase name="compare" time="0.008" classname="loginTests.Comparison"/>
</testsuite> <!-- loginTests.Comparison -->
