<?xml version="1.0" encoding="UTF-8"?>
<!-- Generated by org.testng.reporters.JUnitReportReporter -->
<testsuite skipped="0" hostname="DESKTOP-79SRAMQ" name="loginTests.UdemyTest" tests="1" failures="0" timestamp="27 Sep 2021 06:34:17 GMT" time="3.038" errors="0">
  <testcase name="f" time="3.038" classname="loginTests.UdemyTest"/>
</testsuite> <!-- loginTests.UdemyTest -->
